<?xml version="1.0" encoding="UTF-8"?>
<testng-results ignored="0" total="1" passed="1" failed="0" skipped="0">
  <reporter-output>
  </reporter-output>
  <suite started-at="2025-07-15T07:00:06 IST" name="Default suite" finished-at="2025-07-15T07:00:14 IST" duration-ms="7702">
    <groups>
    </groups>
    <test started-at="2025-07-15T07:00:06 IST" name="Default test" finished-at="2025-07-15T07:00:14 IST" duration-ms="7702">
      <class name="tests.SignUpTest">
        <test-method is-config="true" signature="beforeTest()[pri:0, instance:tests.SignUpTest@1fa121e2]" started-at="2025-07-15T07:00:06 IST" name="beforeTest" finished-at="2025-07-15T07:00:12 IST" duration-ms="5944" status="PASS">
          <reporter-output>
          </reporter-output>
        </test-method> <!-- beforeTest -->
        <test-method signature="loginfb()[pri:0, instance:tests.SignUpTest@1fa121e2]" started-at="2025-07-15T07:00:12 IST" name="loginfb" finished-at="2025-07-15T07:00:14 IST" duration-ms="1273" status="PASS">
          <reporter-output>
          </reporter-output>
        </test-method> <!-- loginfb -->
        <test-method is-config="true" signature="afterTest()[pri:0, instance:tests.SignUpTest@1fa121e2]" started-at="2025-07-15T07:00:14 IST" name="afterTest" finished-at="2025-07-15T07:00:14 IST" duration-ms="354" status="PASS">
          <reporter-output>
          </reporter-output>
        </test-method> <!-- afterTest -->
      </class> <!-- tests.SignUpTest -->
    </test> <!-- Default test -->
  </suite> <!-- Default suite -->
</testng-results>
