<?xml version="1.0" encoding="UTF-8"?>
<!-- Generated by org.testng.reporters.JUnitXMLReporter -->
<testsuite ignored="1" hostname="DESKTOP-UKH5M9V" failures="0" tests="2" name="RegressionTest" time="15.203" errors="0" timestamp="2025-06-26T03:52:41 IST">
  <testcase classname="testng.GroupTest" name="StartingPoint" time="8.133"/>
  <testcase classname="testng.GroupTest" name="click_element" time="6.914"/>
  <testcase classname="testng.GroupTest" name="checkTitle" time="0.0">
    <ignored/>
  </testcase> <!-- checkTitle -->
</testsuite> <!-- RegressionTest -->
