<?xml version="1.0" encoding="UTF-8"?>
<!-- Generated by org.testng.reporters.JUnitXMLReporter -->
<testsuite ignored="1" hostname="DESKTOP-UKH5M9V" failures="0" tests="2" name="SanityTest" time="6.307" errors="0" timestamp="2025-06-26T03:52:47 IST">
  <testcase classname="testng.GroupTest" name="StartingPoint" time="6.249"/>
  <testcase classname="testng.GroupTest" name="checkTitle" time="0.037"/>
  <testcase classname="testng.GroupTest" name="click_element" time="0.0">
    <ignored/>
  </testcase> <!-- click_element -->
</testsuite> <!-- SanityTest -->
