<?xml version="1.0" encoding="UTF-8"?>
<!-- Generated by org.testng.reporters.JUnitXMLReporter -->
<testsuite ignored="0" hostname="DESKTOP-UKH5M9V" failures="1" tests="7" name="Test" time="190.993" errors="0" timestamp="2025-07-04T06:12:09 IST">
  <testcase classname="testng.RetryTest" name="startingPoint" time="160.126"/>
  <testcase classname="testng.RetryTest" name="checkTitle" time="0.117">
    <skipped/>
  </testcase> <!-- checkTitle -->
  <testcase classname="testng.RetryTest" name="checkTitle" time="0.021">
    <skipped/>
  </testcase> <!-- checkTitle -->
  <testcase classname="testng.RetryTest" name="checkTitle" time="0.02">
    <skipped/>
  </testcase> <!-- checkTitle -->
  <testcase classname="testng.RetryTest" name="checkTitle" time="0.021">
    <skipped/>
  </testcase> <!-- checkTitle -->
  <testcase classname="testng.RetryTest" name="checkTitle" time="0.02">
    <failure type="java.lang.AssertionError" message="expected [google] but found [Google]">
      <![CDATA[java.lang.AssertionError: expected [google] but found [Google]
at testng.RetryTest.checkTitle(RetryTest.java:32)
at java.base/java.util.ArrayList.forEach(ArrayList.java:1596)
... Removed 31 stack frames]]>
    </failure>
  </testcase> <!-- checkTitle -->
  <testcase classname="testng.RetryTest" name="click_element" time="30.471"/>
</testsuite> <!-- Test -->
